<?xml version="1.0" encoding="UTF-8"?>
<!-- Generated by org.testng.reporters.JUnitXMLReporter -->
<testsuite hostname="BLR2DEVLP0630" ignored="0" name="Default test" tests="7" failures="0" timestamp="05 Jan 2022 06:52:16 GMT" time="0.067" errors="0">
  <testcase name="APILoginCarloan" time="0.006" classname="Test1.carloan"/>
  <testcase name="APILoginCarloan" time="0.002" classname="Test1.carloan"/>
  <testcase name="APILoginCarloan" time="0.001" classname="Test1.carloan"/>
  <testcase name="MobileLoginCarloan" time="0.002" classname="Test1.carloan"/>
  <testcase name="MobileSignoff" time="0.002" classname="Test1.carloan"/>
  <testcase name="MobileSignon" time="0.003" classname="Test1.carloan"/>
  <testcase name="WebLoginCarloan" time="0.001" classname="Test1.carloan"/>
</testsuite> <!-- Default test -->
