<?xml version="1.0" encoding="UTF-8"?>
<!-- Generated by org.testng.reporters.JUnitXMLReporter -->
<testsuite hostname="BLR2DEVLP0630" ignored="3" name="Personal loan" tests="9" failures="0" timestamp="03 Jan 2022 10:43:54 GMT" time="0.095" errors="0">
  <testcase name="APILoginCarloan" time="0.01" classname="Test1.carloan"/>
  <testcase name="MobileLoginCarloan" time="0.002" classname="Test1.carloan"/>
  <testcase name="MobileSignoff" time="0.001" classname="Test1.carloan"/>
  <testcase name="WebLoginCarloan" time="0.001" classname="Test1.carloan"/>
  <testcase name="Demo5" time="0.001" classname="Test1.day1"/>
  <testcase name="Demo" time="0.003" classname="Test1.day2"/>
  <testcase name="Demo2" time="0.004" classname="Test1.day2"/>
  <testcase name="APIloginhomeloan" time="0.002" classname="Test1.Homeloan"/>
  <testcase name="Mobileloginhomeloan" time="0.001" classname="Test1.Homeloan"/>
  <testcase name="Webloginhomeloan" time="0.0" classname="Test1.Homeloan">
    <ignored/>
  </testcase> <!-- Webloginhomeloan -->
  <testcase name="MobileSignon" time="0.0" classname="Test1.carloan">
    <ignored/>
  </testcase> <!-- MobileSignon -->
  <testcase name="Demo" time="0.0" classname="Test1.day1">
    <ignored/>
  </testcase> <!-- Demo -->
</testsuite> <!-- Personal loan -->
