<?xml version="1.0" encoding="UTF-8"?>
<!-- Generated by org.testng.reporters.JUnitXMLReporter -->
<testsuite hostname="BLR2DEVLP0630" ignored="3" name="Carloan" tests="4" failures="0" timestamp="05 Jan 2022 07:20:44 GMT" time="0.137" errors="0">
  <testcase name="APILoginCarloan" time="0.034" classname="Test1.carloan"/>
  <testcase name="APILoginCarloan" time="0.004" classname="Test1.carloan"/>
  <testcase name="APILoginCarloan" time="0.001" classname="Test1.carloan"/>
  <testcase name="WebLoginCarloan" time="0.019" classname="Test1.carloan"/>
  <testcase name="MobileLoginCarloan" time="0.0" classname="Test1.carloan">
    <ignored/>
  </testcase> <!-- MobileLoginCarloan -->
  <testcase name="MobileSignon" time="0.0" classname="Test1.carloan">
    <ignored/>
  </testcase> <!-- MobileSignon -->
  <testcase name="MobileSignoff" time="0.0" classname="Test1.carloan">
    <ignored/>
  </testcase> <!-- MobileSignoff -->
</testsuite> <!-- Carloan -->
