<?xml version="1.0" encoding="UTF-8"?>
<!-- Generated by org.testng.reporters.JUnitXMLReporter -->
<testsuite hostname="BLR2DEVLP0630" ignored="2" name="Homeloan" tests="1" failures="0" timestamp="05 Jan 2022 07:20:44 GMT" time="0.053" errors="0">
  <testcase name="APIloginhomeloan" time="0.009" classname="Test1.Homeloan"/>
  <testcase name="Webloginhomeloan" time="0.0" classname="Test1.Homeloan">
    <ignored/>
  </testcase> <!-- Webloginhomeloan -->
  <testcase name="Mobileloginhomeloan" time="0.0" classname="Test1.Homeloan">
    <ignored/>
  </testcase> <!-- Mobileloginhomeloan -->
</testsuite> <!-- Homeloan -->
